2023-11-06 23:39:08,082 - DEFAULT - INFO - Logging to: /home/zieluch/linuxcnc/configs/qthd_sorotec_cl0604/qtdragon.log
2023-11-06 23:39:08,090 - DEFAULT.QTVCP.QT_ISTAT - DEBUG - Machine is METRIC based. unit Conversion constant=0.03937007874015748
2023-11-06 23:39:08,091 - DEFAULT.QTVCP.QT_ISTAT - DEBUG - TRAJ COORDINATES: XYZ
2023-11-06 23:39:08,098 - DEFAULT.QTVCP.QT_ISTAT - DEBUG - DEFAULT_LINEAR_VELOCITY = 4080.0
2023-11-06 23:39:08,107 - DEFAULT.QTVCP.QT_ISTAT - DEBUG - MIN_LINEAR_VELOCITY = 30.0
2023-11-06 23:39:08,108 - DEFAULT.QTVCP.QT_ISTAT - DEBUG - MAX_LINEAR_VELOCITY = 9000.0
2023-11-06 23:39:08,264 - DEFAULT.QTVCP.QT_ACTION - DEBUG - CALL_MDI Command: M70
2023-11-06 23:39:08,285 - DEFAULT.QTVCP.WIDGETS.PROBE_ROUTINES - DEBUG - MDI_WAIT_COMMAND= G91
        G1 F1000.0 Z-6.0
        G90, maxt = 30
2023-11-06 23:39:08,286 - DEFAULT.QTVCP.QT_ACTION - DEBUG - CALL_MDI Command: G91
2023-11-06 23:39:08,327 - DEFAULT.QTVCP.QT_ACTION - DEBUG - CALL_MDI Command:         G1 F1000.0 Z-6.0
2023-11-06 23:39:08,763 - DEFAULT.QTVCP.QT_ACTION - DEBUG - CALL_MDI Command:         G90
2023-11-06 23:39:08,805 - DEFAULT.QTVCP.WIDGETS.PROBE_ROUTINES - DEBUG - MDI_WAIT_COMMAND= G91
        G38.2 X-30.0 F300.0, maxt = 30
2023-11-06 23:39:08,805 - DEFAULT.QTVCP.QT_ACTION - DEBUG - CALL_MDI Command: G91
2023-11-06 23:39:08,848 - DEFAULT.QTVCP.QT_ACTION - DEBUG - CALL_MDI Command:         G38.2 X-30.0 F300.0
2023-11-06 23:39:09,215 - DEFAULT.QTVCP.WIDGETS.PROBE_ROUTINES - DEBUG - MDI_WAIT_COMMAND= G1 X1.0 F1000.0, maxt = 30
2023-11-06 23:39:09,216 - DEFAULT.QTVCP.QT_ACTION - DEBUG - CALL_MDI Command: G1 X1.0 F1000.0
2023-11-06 23:39:09,353 - DEFAULT.QTVCP.WIDGETS.PROBE_ROUTINES - DEBUG - MDI_WAIT_COMMAND= G4 P0.5
        G38.2 X-1.2 F20.0, maxt = 30
2023-11-06 23:39:09,354 - DEFAULT.QTVCP.QT_ACTION - DEBUG - CALL_MDI Command: G4 P0.5
2023-11-06 23:39:09,881 - DEFAULT.QTVCP.QT_ACTION - DEBUG - CALL_MDI Command:         G38.2 X-1.2 F20.0
2023-11-06 23:39:12,754 - DEFAULT.QTVCP.WIDGETS.PROBE_ROUTINES - DEBUG - MDI_WAIT_COMMAND= G1 X1.0 F1000.0, maxt = 30
2023-11-06 23:39:12,754 - DEFAULT.QTVCP.QT_ACTION - DEBUG - CALL_MDI Command: G1 X1.0 F1000.0
2023-11-06 23:39:12,815 - DEFAULT.QTVCP.WIDGETS.PROBE_ROUTINES - DEBUG - MDI_WAIT_COMMAND= G91
            G1 F1000.0 X1.000000
            G90, maxt = 30
2023-11-06 23:39:12,818 - DEFAULT.QTVCP.QT_ACTION - DEBUG - CALL_MDI Command: G91
2023-11-06 23:39:12,859 - DEFAULT.QTVCP.QT_ACTION - DEBUG - CALL_MDI Command:             G1 F1000.0 X1.000000
2023-11-06 23:39:12,992 - DEFAULT.QTVCP.QT_ACTION - DEBUG - CALL_MDI Command:             G90
2023-11-06 23:39:13,033 - DEFAULT.QTVCP.WIDGETS.PROBE_ROUTINES - DEBUG - MDI_WAIT_COMMAND= G91
        G38.2 X30.0 F300.0, maxt = 30
2023-11-06 23:39:13,033 - DEFAULT.QTVCP.QT_ACTION - DEBUG - CALL_MDI Command: G91
2023-11-06 23:39:13,075 - DEFAULT.QTVCP.QT_ACTION - DEBUG - CALL_MDI Command:         G38.2 X30.0 F300.0
2023-11-06 23:39:13,369 - DEFAULT.QTVCP.WIDGETS.PROBE_ROUTINES - DEBUG - MDI_WAIT_COMMAND= G1 X-1.0 F1000.0, maxt = 30
2023-11-06 23:39:13,370 - DEFAULT.QTVCP.QT_ACTION - DEBUG - CALL_MDI Command: G1 X-1.0 F1000.0
2023-11-06 23:39:13,513 - DEFAULT.QTVCP.WIDGETS.PROBE_ROUTINES - DEBUG - MDI_WAIT_COMMAND= G4 P0.5
        G38.2 X1.2 F20.0, maxt = 30
2023-11-06 23:39:13,514 - DEFAULT.QTVCP.QT_ACTION - DEBUG - CALL_MDI Command: G4 P0.5
2023-11-06 23:39:14,041 - DEFAULT.QTVCP.QT_ACTION - DEBUG - CALL_MDI Command:         G38.2 X1.2 F20.0
2023-11-06 23:39:16,973 - DEFAULT.QTVCP.WIDGETS.PROBE_ROUTINES - DEBUG - MDI_WAIT_COMMAND= G1 X-1.0 F1000.0, maxt = 30
2023-11-06 23:39:16,976 - DEFAULT.QTVCP.QT_ACTION - DEBUG - CALL_MDI Command: G1 X-1.0 F1000.0
2023-11-06 23:39:17,110 - DEFAULT.QTVCP.WIDGETS.PROBE_ROUTINES - DEBUG - MDI_WAIT_COMMAND= G90
        G1 F1000.0 X-0.008292, maxt = 30
2023-11-06 23:39:17,111 - DEFAULT.QTVCP.QT_ACTION - DEBUG - CALL_MDI Command: G90
2023-11-06 23:39:17,152 - DEFAULT.QTVCP.QT_ACTION - DEBUG - CALL_MDI Command:         G1 F1000.0 X-0.008292
2023-11-06 23:39:17,254 - DEFAULT.QTVCP.WIDGETS.PROBE_ROUTINES - DEBUG - MDI_WAIT_COMMAND= G91
        G38.2 Y-30.0 F300.0, maxt = 30
2023-11-06 23:39:17,254 - DEFAULT.QTVCP.QT_ACTION - DEBUG - CALL_MDI Command: G91
2023-11-06 23:39:17,296 - DEFAULT.QTVCP.QT_ACTION - DEBUG - CALL_MDI Command:         G38.2 Y-30.0 F300.0
2023-11-06 23:39:17,681 - DEFAULT.QTVCP.WIDGETS.PROBE_ROUTINES - DEBUG - MDI_WAIT_COMMAND= G1 Y1.0 F1000.0, maxt = 30
2023-11-06 23:39:17,681 - DEFAULT.QTVCP.QT_ACTION - DEBUG - CALL_MDI Command: G1 Y1.0 F1000.0
2023-11-06 23:39:17,816 - DEFAULT.QTVCP.WIDGETS.PROBE_ROUTINES - DEBUG - MDI_WAIT_COMMAND= G4 P0.5
        G38.2 Y-1.2 F20.0, maxt = 30
2023-11-06 23:39:17,816 - DEFAULT.QTVCP.QT_ACTION - DEBUG - CALL_MDI Command: G4 P0.5
2023-11-06 23:39:18,352 - DEFAULT.QTVCP.QT_ACTION - DEBUG - CALL_MDI Command:         G38.2 Y-1.2 F20.0
2023-11-06 23:39:21,269 - DEFAULT.QTVCP.WIDGETS.PROBE_ROUTINES - DEBUG - MDI_WAIT_COMMAND= G1 Y1.0 F1000.0, maxt = 30
2023-11-06 23:39:21,270 - DEFAULT.QTVCP.QT_ACTION - DEBUG - CALL_MDI Command: G1 Y1.0 F1000.0
2023-11-06 23:39:21,403 - DEFAULT.QTVCP.WIDGETS.PROBE_ROUTINES - DEBUG - MDI_WAIT_COMMAND= G91
            G1 F1000.0 Y1.000000
            G90, maxt = 30
2023-11-06 23:39:21,404 - DEFAULT.QTVCP.QT_ACTION - DEBUG - CALL_MDI Command: G91
2023-11-06 23:39:21,447 - DEFAULT.QTVCP.QT_ACTION - DEBUG - CALL_MDI Command:             G1 F1000.0 Y1.000000
2023-11-06 23:39:21,579 - DEFAULT.QTVCP.QT_ACTION - DEBUG - CALL_MDI Command:             G90
2023-11-06 23:39:21,620 - DEFAULT.QTVCP.WIDGETS.PROBE_ROUTINES - DEBUG - MDI_WAIT_COMMAND= G91
        G38.2 Y30.0 F300.0, maxt = 30
2023-11-06 23:39:21,622 - DEFAULT.QTVCP.QT_ACTION - DEBUG - CALL_MDI Command: G91
2023-11-06 23:39:21,663 - DEFAULT.QTVCP.QT_ACTION - DEBUG - CALL_MDI Command:         G38.2 Y30.0 F300.0
2023-11-06 23:39:21,948 - DEFAULT.QTVCP.WIDGETS.PROBE_ROUTINES - DEBUG - MDI_WAIT_COMMAND= G1 Y-1.0 F1000.0, maxt = 30
2023-11-06 23:39:21,948 - DEFAULT.QTVCP.QT_ACTION - DEBUG - CALL_MDI Command: G1 Y-1.0 F1000.0
2023-11-06 23:39:22,080 - DEFAULT.QTVCP.WIDGETS.PROBE_ROUTINES - DEBUG - MDI_WAIT_COMMAND= G4 P0.5
        G38.2 Y1.2 F20.0, maxt = 30
2023-11-06 23:39:22,080 - DEFAULT.QTVCP.QT_ACTION - DEBUG - CALL_MDI Command: G4 P0.5
2023-11-06 23:39:22,605 - DEFAULT.QTVCP.QT_ACTION - DEBUG - CALL_MDI Command:         G38.2 Y1.2 F20.0
2023-11-06 23:39:25,531 - DEFAULT.QTVCP.WIDGETS.PROBE_ROUTINES - DEBUG - MDI_WAIT_COMMAND= G1 Y-1.0 F1000.0, maxt = 30
2023-11-06 23:39:25,532 - DEFAULT.QTVCP.QT_ACTION - DEBUG - CALL_MDI Command: G1 Y-1.0 F1000.0
2023-11-06 23:39:25,665 - DEFAULT.QTVCP.WIDGETS.PROBE_ROUTINES - DEBUG - MDI_WAIT_COMMAND= G91
        G1 F1000.0 Z6.0
        G90, maxt = 30
2023-11-06 23:39:25,666 - DEFAULT.QTVCP.QT_ACTION - DEBUG - CALL_MDI Command: G91
2023-11-06 23:39:25,708 - DEFAULT.QTVCP.QT_ACTION - DEBUG - CALL_MDI Command:         G1 F1000.0 Z6.0
2023-11-06 23:39:26,154 - DEFAULT.QTVCP.QT_ACTION - DEBUG - CALL_MDI Command:         G90
2023-11-06 23:39:26,195 - DEFAULT.QTVCP.WIDGETS.PROBE_ROUTINES - DEBUG - MDI_WAIT_COMMAND= G1 F1000.0 Y0.001667, maxt = 30
2023-11-06 23:39:26,196 - DEFAULT.QTVCP.QT_ACTION - DEBUG - CALL_MDI Command: G1 F1000.0 Y0.001667
2023-11-06 23:39:26,299 - DEFAULT.QTVCP.QT_ACTION - DEBUG - CALL_MDI Command: M72
